<?xml version="1.0" encoding="UTF-8"?>
<!-- Generated by org.testng.reporters.JUnitReportReporter -->
<testsuite hostname="DESKTOP-DL18926" failures="0" tests="1" name="testng.TestNGDemo1" time="0.011" errors="0" timestamp="2024-10-25T17:21:01 IST" skipped="0">
  <testcase classname="testng.TestNGDemo1" name="m1" time="0.011"/>
  <system-out/>
</testsuite> <!-- testng.TestNGDemo1 -->
