<?xml version="1.0" encoding="UTF-8"?>
<!-- Generated by org.testng.reporters.JUnitReportReporter -->
<testsuite hostname="DESKTOP-DL18926" failures="0" tests="1" name="waits.ImplicitWait" time="20.836" errors="0" timestamp="2024-10-29T20:54:17 IST" skipped="0">
  <testcase classname="waits.ImplicitWait" name="waitsTest" time="20.836"/>
  <system-out/>
</testsuite> <!-- waits.ImplicitWait -->
