<?xml version="1.0" encoding="UTF-8"?>
<!-- Generated by org.testng.reporters.JUnitReportReporter -->
<testsuite hostname="DESKTOP-DL18926" failures="0" tests="1" name="hanldingwindowsalertsframes.FrameHandling2" time="19.012" errors="0" timestamp="2024-11-01T08:35:29 IST" skipped="0">
  <testcase classname="hanldingwindowsalertsframes.FrameHandling2" name="frameHandling" time="19.012"/>
  <system-out/>
</testsuite> <!-- hanldingwindowsalertsframes.FrameHandling2 -->
