<?xml version="1.0" encoding="UTF-8"?>
<!-- Generated by org.testng.reporters.JUnitReportReporter -->
<testsuite hostname="DESKTOP-DL18926" failures="0" tests="4" name="testng.AdactinApp3" time="0.014" errors="0" timestamp="2024-10-26T09:21:41 IST" skipped="0">
  <testcase classname="testng.AdactinApp3" name="Registration" time="0.006"/>
  <system-out/>
  <testcase classname="testng.AdactinApp3" name="loginTest" time="0.006"/>
  <system-out/>
  <testcase classname="testng.AdactinApp3" name="forgotPassword" time="0.001"/>
  <system-out/>
  <testcase classname="testng.AdactinApp3" name="changePasswordTest" time="0.001"/>
  <system-out/>
</testsuite> <!-- testng.AdactinApp3 -->
