<?xml version="1.0" encoding="UTF-8"?>
<!-- Generated by org.testng.reporters.JUnitReportReporter -->
<testsuite hostname="DESKTOP-DL18926" failures="0" tests="1" name="webTables.DynamicWebTable1$WebTbledemo1" time="39.423" errors="0" timestamp="2024-10-30T12:32:55 IST" skipped="0">
  <testcase classname="webTables.DynamicWebTable1$WebTbledemo1" name="webTableTest" time="39.423"/>
  <system-out/>
</testsuite> <!-- webTables.DynamicWebTable1$WebTbledemo1 -->
