<?xml version="1.0" encoding="UTF-8"?>
<!-- Generated by org.testng.reporters.JUnitReportReporter -->
<testsuite hostname="DESKTOP-DL18926" failures="0" tests="1" name="webTables.WebTbledemo1" time="34.016" errors="0" timestamp="2024-10-29T22:33:44 IST" skipped="0">
  <testcase classname="webTables.WebTbledemo1" name="webTableTest" time="34.016"/>
  <system-out/>
</testsuite> <!-- webTables.WebTbledemo1 -->
