<?xml version="1.0" encoding="UTF-8"?>
<!-- Generated by org.testng.reporters.JUnitReportReporter -->
<testsuite hostname="DESKTOP-DL18926" failures="0" tests="1" name="hanldingwindowsalertsframes.MultipleWindow2" time="20.102" errors="0" timestamp="2024-10-28T10:27:59 IST" skipped="0">
  <testcase classname="hanldingwindowsalertsframes.MultipleWindow2" name="MultipleWindow2Test" time="20.102"/>
  <system-out/>
</testsuite> <!-- hanldingwindowsalertsframes.MultipleWindow2 -->
