<?xml version="1.0" encoding="UTF-8"?>
<!-- Generated by org.testng.reporters.JUnitReportReporter -->
<testsuite hostname="DESKTOP-DL18926" failures="0" tests="1" name="shadowdom.ShadowDomexam1" time="10.708" errors="0" timestamp="2024-11-01T10:52:57 IST" skipped="0">
  <testcase classname="shadowdom.ShadowDomexam1" name="fileUploadTest" time="10.708"/>
  <system-out/>
</testsuite> <!-- shadowdom.ShadowDomexam1 -->
