<?xml version="1.0" encoding="UTF-8"?>
<!-- Generated by org.testng.reporters.JUnitReportReporter -->
<testsuite hostname="DESKTOP-DL18926" failures="0" tests="3" name="testng.AdactinApp1" time="0.010" errors="0" timestamp="2024-11-14T17:22:25 IST" skipped="1">
  <testcase classname="testng.AdactinApp1" name="Registration" time="0.009"/>
  <system-out/>
  <testcase classname="testng.AdactinApp1" name="forgotPassword" time="0.001"/>
  <system-out/>
  <testcase classname="testng.AdactinApp1" name="loginTest">
    <skipped/>
  </testcase> <!-- loginTest -->
  <system-out/>
</testsuite> <!-- testng.AdactinApp1 -->
