<?xml version="1.0" encoding="UTF-8"?>
<!-- Generated by org.testng.reporters.JUnitReportReporter -->
<testsuite hostname="DESKTOP-DL18926" failures="0" tests="3" name="radiobuttons.CheckBoxDemo1" time="30.022" errors="0" timestamp="2024-10-29T22:06:37 IST" skipped="0">
  <testcase classname="radiobuttons.CheckBoxDemo1" name="checkboxTest1" time="7.600"/>
  <system-out/>
  <testcase classname="radiobuttons.CheckBoxDemo1" name="checkboxTest3" time="13.641"/>
  <system-out/>
  <testcase classname="radiobuttons.CheckBoxDemo1" name="checkboxTest2" time="8.781"/>
  <system-out/>
</testsuite> <!-- radiobuttons.CheckBoxDemo1 -->
