<?xml version="1.0" encoding="UTF-8"?>
<!-- Generated by org.testng.reporters.JUnitReportReporter -->
<testsuite hostname="DESKTOP-DL18926" failures="0" tests="1" name="hanldingwindowsalertsframes.FrameHandlingexam1" time="34.164" errors="0" timestamp="2024-11-01T10:23:34 IST" skipped="0">
  <testcase classname="hanldingwindowsalertsframes.FrameHandlingexam1" name="alerthandle" time="34.164"/>
  <system-out/>
</testsuite> <!-- hanldingwindowsalertsframes.FrameHandlingexam1 -->
