<?xml version="1.0" encoding="UTF-8"?>
<!-- Generated by org.testng.reporters.JUnitReportReporter -->
<testsuite hostname="DESKTOP-DL18926" failures="0" tests="1" name="fileuploading.FileUpload" time="39.201" errors="0" timestamp="2024-10-30T13:04:50 IST" skipped="0">
  <testcase classname="fileuploading.FileUpload" name="fileUploadTest" time="39.201"/>
  <system-out/>
</testsuite> <!-- fileuploading.FileUpload -->
