<?xml version="1.0" encoding="UTF-8"?>
<!-- Generated by org.testng.reporters.JUnitReportReporter -->
<testsuite hostname="DESKTOP-DL18926" failures="0" tests="1" name="webTables.WebTableDemo2" time="44.598" errors="0" timestamp="2024-10-29T22:56:39 IST" skipped="0">
  <testcase classname="webTables.WebTableDemo2" name="webTableTest" time="44.598"/>
  <system-out/>
</testsuite> <!-- webTables.WebTableDemo2 -->
