<?xml version="1.0" encoding="UTF-8"?>
<!-- Generated by org.testng.reporters.JUnitReportReporter -->
<testsuite hostname="DESKTOP-DL18926" failures="0" tests="1" name="hanldingwindowsalertsframes.FrameHandling1" time="8.398" errors="0" timestamp="2024-10-28T11:27:20 IST" skipped="0">
  <testcase classname="hanldingwindowsalertsframes.FrameHandling1" name="dragAndDropTest" time="8.398"/>
  <system-out/>
</testsuite> <!-- hanldingwindowsalertsframes.FrameHandling1 -->
