<?xml version="1.0" encoding="UTF-8"?>
<!-- Generated by org.testng.reporters.JUnitReportReporter -->
<testsuite hostname="DESKTOP-DL18926" failures="0" tests="1" name="actions.Dragexam1" time="11.156" errors="0" timestamp="2025-01-27T13:15:54 IST" skipped="0">
  <testcase classname="actions.Dragexam1" name="dragexam1" time="11.156"/>
  <system-out/>
</testsuite> <!-- actions.Dragexam1 -->
