<?xml version="1.0" encoding="UTF-8"?>
<!-- Generated by org.testng.reporters.JUnitReportReporter -->
<testsuite hostname="DESKTOP-DL18926" failures="0" tests="1" name="actions.DragAndDropExam1" time="9.374" errors="0" timestamp="2024-10-26T21:46:43 IST" skipped="0">
  <testcase classname="actions.DragAndDropExam1" name="dragAndDropTest" time="9.374"/>
  <system-out/>
</testsuite> <!-- actions.DragAndDropExam1 -->
