<?xml version="1.0" encoding="UTF-8"?>
<!-- Generated by org.testng.reporters.JUnitReportReporter -->
<testsuite hostname="DESKTOP-DL18926" failures="0" tests="1" name="shadowdom.ShadowDomdemo" time="10.482" errors="0" timestamp="2024-10-30T15:39:23 IST" skipped="0">
  <testcase classname="shadowdom.ShadowDomdemo" name="fileUploadTest" time="10.482"/>
  <system-out/>
</testsuite> <!-- shadowdom.ShadowDomdemo -->
