<?xml version="1.0" encoding="UTF-8"?>
<!-- Generated by org.testng.reporters.JUnitReportReporter -->
<testsuite hostname="DESKTOP-DL18926" failures="0" tests="1" name="hanldingwindowsalertsframes.AlertHandle1" time="10.838" errors="0" timestamp="2024-10-29T13:04:16 IST" skipped="0">
  <testcase classname="hanldingwindowsalertsframes.AlertHandle1" name="alerthandle" time="10.838"/>
  <system-out/>
</testsuite> <!-- hanldingwindowsalertsframes.AlertHandle1 -->
