<?xml version="1.0" encoding="UTF-8"?>
<!-- Generated by org.testng.reporters.JUnitReportReporter -->
<testsuite hostname="DESKTOP-DL18926" failures="0" tests="1" name="hanldingwindowsalertsframes.AlertHandle2" time="9.983" errors="0" timestamp="2024-10-29T13:02:52 IST" skipped="0">
  <testcase classname="hanldingwindowsalertsframes.AlertHandle2" name="alertTest" time="9.983"/>
  <system-out/>
</testsuite> <!-- hanldingwindowsalertsframes.AlertHandle2 -->
