<?xml version="1.0" encoding="UTF-8"?>
<!-- Generated by org.testng.reporters.JUnitReportReporter -->
<testsuite hostname="DESKTOP-DL18926" failures="0" tests="1" name="testng.ValidateLogin" time="11.487" errors="0" timestamp="2024-10-26T21:09:57 IST" skipped="0">
  <testcase classname="testng.ValidateLogin" name="validateLoginUsingInvalidUsernameandInvalidPasswordCredential" time="11.487"/>
  <system-out/>
</testsuite> <!-- testng.ValidateLogin -->
