<?xml version="1.0" encoding="UTF-8"?>
<!-- Generated by org.testng.reporters.JUnitReportReporter -->
<testsuite hostname="DESKTOP-DL18926" failures="0" tests="1" name="screenshots.ScreenShotDemo2" time="9.978" errors="0" timestamp="2024-10-29T12:59:46 IST" skipped="0">
  <testcase classname="screenshots.ScreenShotDemo2" name="scrollTest" time="9.978"/>
  <system-out/>
</testsuite> <!-- screenshots.ScreenShotDemo2 -->
