<?xml version="1.0" encoding="UTF-8"?>
<!-- Generated by org.testng.reporters.JUnitReportReporter -->
<testsuite hostname="DESKTOP-DL18926" failures="0" tests="2" name="radiobuttons.RdioButtondemo1" time="21.807" errors="0" timestamp="2024-10-29T22:12:22 IST" skipped="0">
  <testcase classname="radiobuttons.RdioButtondemo1" name="radioTest" time="10.222"/>
  <system-out/>
  <testcase classname="radiobuttons.RdioButtondemo1" name="radioTest2" time="11.585"/>
  <system-out/>
</testsuite> <!-- radiobuttons.RdioButtondemo1 -->
