<?xml version="1.0" encoding="UTF-8"?>
<!-- Generated by org.testng.reporters.JUnitReportReporter -->
<testsuite hostname="DESKTOP-DL18926" failures="0" tests="1" name="screenshots.ScreenShotDemo1" time="16.272" errors="0" timestamp="2024-10-29T12:50:23 IST" skipped="0">
  <testcase classname="screenshots.ScreenShotDemo1" name="scrollTest" time="16.272"/>
  <system-out/>
</testsuite> <!-- screenshots.ScreenShotDemo1 -->
