<?xml version="1.0" encoding="UTF-8"?>
<!-- Generated by org.testng.reporters.JUnitReportReporter -->
<testsuite hostname="DESKTOP-DL18926" failures="0" tests="1" name="actions.mouseclickexam1" time="35.656" errors="0" timestamp="2025-01-20T16:36:01 IST" skipped="0">
  <testcase classname="actions.mouseclickexam1" name="mouseexam" time="35.656"/>
  <system-out/>
</testsuite> <!-- actions.mouseclickexam1 -->
