<?xml version="1.0" encoding="UTF-8"?>
<!-- Generated by org.testng.reporters.JUnitReportReporter -->
<testsuite hostname="DESKTOP-DL18926" failures="0" tests="1" name="actions.DragAndDrop" time="11.459" errors="0" timestamp="2025-01-27T13:13:12 IST" skipped="0">
  <testcase classname="actions.DragAndDrop" name="dragAndDropTest" time="11.459"/>
  <system-out/>
</testsuite> <!-- actions.DragAndDrop -->
