<?xml version="1.0" encoding="UTF-8"?>
<!-- Generated by org.testng.reporters.JUnitReportReporter -->
<testsuite hostname="DESKTOP-DL18926" failures="0" tests="1" name="javascriptexecutor.ScrollElement" time="10.113" errors="0" timestamp="2024-10-29T12:00:00 IST" skipped="0">
  <testcase classname="javascriptexecutor.ScrollElement" name="ScrollTest" time="10.113"/>
  <system-out/>
</testsuite> <!-- javascriptexecutor.ScrollElement -->
