<?xml version="1.0" encoding="UTF-8"?>
<!-- Generated by org.testng.reporters.JUnitReportReporter -->
<testsuite hostname="DESKTOP-DL18926" failures="0" tests="1" name="waits.FluentWaitdemo1" time="12.510" errors="0" timestamp="2024-10-29T21:39:30 IST" skipped="0">
  <testcase classname="waits.FluentWaitdemo1" name="waitsTest" time="12.510"/>
  <system-out/>
</testsuite> <!-- waits.FluentWaitdemo1 -->
