<?xml version="1.0" encoding="UTF-8"?>
<!-- Generated by org.testng.reporters.JUnitReportReporter -->
<testsuite hostname="DESKTOP-DL18926" failures="0" tests="1" name="waits.ExplicitlyWait" time="12.818" errors="0" timestamp="2024-10-29T21:24:44 IST" skipped="0">
  <testcase classname="waits.ExplicitlyWait" name="waitsTest" time="12.818"/>
  <system-out/>
</testsuite> <!-- waits.ExplicitlyWait -->
